[2020-11-2911:45:26 AM-log.py-ERROR:这是一条error信息的打印]
[2020-11-2911:45:26 AM-log.py-INFO:这是一条info信息的打印]
[2020-11-2911:45:26 AM-log.py-WARNING:这是一条warn信息的打印]
[2020-11-2911:45:26 AM-log.py-DEBUG:这是一条debug信息的打印]
[2020-11-2911:45:26 AM-log.py-WARNING:--------------end------------]
[2020-11-2911:45:42 AM-log.py-ERROR:这是一条error信息的打印]
[2020-11-2911:45:42 AM-log.py-INFO:这是一条info信息的打印]
[2020-11-2911:45:42 AM-log.py-WARNING:这是一条warn信息的打印]
[2020-11-2911:45:42 AM-log.py-DEBUG:这是一条debug信息的打印]
[2020-11-2911:45:42 AM-log.py-WARNING:--------------end------------]
[2020-11-2911:46:00 AM-log.py-ERROR:这是一条error信息的打印]
[2020-11-2911:46:00 AM-log.py-INFO:这是一条info信息的打印]
[2020-11-2911:46:00 AM-log.py-WARNING:这是一条warn信息的打印]
[2020-11-2911:46:00 AM-log.py-DEBUG:这是一条debug信息的打印]
[2020-11-2911:46:00 AM-log.py-WARNING:--------------end------------]
[2020-11-2911:48:07 AM-log.py-ERROR:这是一条error信息的打印]
[2020-11-2911:48:07 AM-log.py-INFO:这是一条info信息的打印]
[2020-11-2911:48:07 AM-log.py-WARNING:这是一条warn信息的打印]
[2020-11-2911:48:07 AM-log.py-DEBUG:这是一条debug信息的打印]
[2020-11-2911:48:07 AM-log.py-WARNING:--------------end------------]
